<?xml version="1.0" encoding="UTF-8"?>
<!-- Generated by org.testng.reporters.JUnitXMLReporter -->
<testsuite ignored="0" hostname="DESKTOP-V7BHOJO" failures="0" tests="3" name="Default test" time="14.108" errors="0" timestamp="2021-07-29T19:56:50 IST">
  <testcase classname="com.test.functionalities.ValidateTestGETAPITest" name="validateTheInfformationsGet" time="8.524"/>
  <testcase classname="com.test.functionalities.ValidateTestGETAPITest" name="validateValidResponseWithInValidURL" time="0.94"/>
  <testcase classname="com.test.functionalities.ValidateTestGETAPITest" name="validateValidResponseWithValidURL" time="1.119"/>
</testsuite> <!-- Default test -->
