<?xml version="1.0" encoding="UTF-8"?>
<testng-results ignored="0" total="3" passed="3" failed="0" skipped="0">
  <reporter-output>
  </reporter-output>
  <suite started-at="2021-07-29T19:56:36 IST" name="Default suite" finished-at="2021-07-29T19:56:50 IST" duration-ms="14108">
    <groups>
    </groups>
    <test started-at="2021-07-29T19:56:36 IST" name="Default test" finished-at="2021-07-29T19:56:50 IST" duration-ms="14108">
      <class name="com.test.functionalities.ValidateTestGETAPITest">
        <test-method is-config="true" signature="setUp()[pri:0, instance:com.test.functionalities.ValidateTestGETAPITest@1757cd72]" started-at="2021-07-29T19:56:36 IST" name="setUp" finished-at="2021-07-29T19:56:36 IST" duration-ms="29" status="PASS">
          <reporter-output>
          </reporter-output>
        </test-method> <!-- setUp -->
        <test-method is-config="true" signature="startTest()[pri:0, instance:com.test.functionalities.ValidateTestGETAPITest@1757cd72]" started-at="2021-07-29T19:56:36 IST" name="startTest" finished-at="2021-07-29T19:56:37 IST" duration-ms="718" status="PASS">
          <reporter-output>
          </reporter-output>
        </test-method> <!-- startTest -->
        <test-method signature="validateTheInfformationsGet()[pri:0, instance:com.test.functionalities.ValidateTestGETAPITest@1757cd72]" started-at="2021-07-29T19:56:37 IST" name="validateTheInfformationsGet" finished-at="2021-07-29T19:56:45 IST" duration-ms="8524" status="PASS">
          <reporter-output>
          </reporter-output>
        </test-method> <!-- validateTheInfformationsGet -->
        <test-method is-config="true" signature="endTest()[pri:0, instance:com.test.functionalities.ValidateTestGETAPITest@1757cd72]" started-at="2021-07-29T19:56:45 IST" name="endTest" finished-at="2021-07-29T19:56:47 IST" duration-ms="1488" status="PASS">
          <reporter-output>
          </reporter-output>
        </test-method> <!-- endTest -->
        <test-method is-config="true" signature="startTest()[pri:0, instance:com.test.functionalities.ValidateTestGETAPITest@1757cd72]" started-at="2021-07-29T19:56:47 IST" name="startTest" finished-at="2021-07-29T19:56:47 IST" duration-ms="6" status="PASS">
          <reporter-output>
          </reporter-output>
        </test-method> <!-- startTest -->
        <test-method signature="validateValidResponseWithInValidURL()[pri:0, instance:com.test.functionalities.ValidateTestGETAPITest@1757cd72]" started-at="2021-07-29T19:56:47 IST" name="validateValidResponseWithInValidURL" finished-at="2021-07-29T19:56:48 IST" duration-ms="940" status="PASS">
          <reporter-output>
          </reporter-output>
        </test-method> <!-- validateValidResponseWithInValidURL -->
        <test-method is-config="true" signature="endTest()[pri:0, instance:com.test.functionalities.ValidateTestGETAPITest@1757cd72]" started-at="2021-07-29T19:56:48 IST" name="endTest" finished-at="2021-07-29T19:56:49 IST" duration-ms="599" status="PASS">
          <reporter-output>
          </reporter-output>
        </test-method> <!-- endTest -->
        <test-method is-config="true" signature="startTest()[pri:0, instance:com.test.functionalities.ValidateTestGETAPITest@1757cd72]" started-at="2021-07-29T19:56:49 IST" name="startTest" finished-at="2021-07-29T19:56:49 IST" duration-ms="3" status="PASS">
          <reporter-output>
          </reporter-output>
        </test-method> <!-- startTest -->
        <test-method signature="validateValidResponseWithValidURL()[pri:0, instance:com.test.functionalities.ValidateTestGETAPITest@1757cd72]" started-at="2021-07-29T19:56:49 IST" name="validateValidResponseWithValidURL" finished-at="2021-07-29T19:56:50 IST" duration-ms="1119" status="PASS">
          <reporter-output>
          </reporter-output>
        </test-method> <!-- validateValidResponseWithValidURL -->
        <test-method is-config="true" signature="endTest()[pri:0, instance:com.test.functionalities.ValidateTestGETAPITest@1757cd72]" started-at="2021-07-29T19:56:50 IST" name="endTest" finished-at="2021-07-29T19:56:50 IST" duration-ms="570" status="PASS">
          <reporter-output>
          </reporter-output>
        </test-method> <!-- endTest -->
        <test-method is-config="true" signature="tearDown()[pri:0, instance:com.test.functionalities.ValidateTestGETAPITest@1757cd72]" started-at="2021-07-29T19:56:50 IST" name="tearDown" finished-at="2021-07-29T19:56:50 IST" duration-ms="1" status="PASS">
          <reporter-output>
          </reporter-output>
        </test-method> <!-- tearDown -->
      </class> <!-- com.test.functionalities.ValidateTestGETAPITest -->
    </test> <!-- Default test -->
  </suite> <!-- Default suite -->
</testng-results>
